<?xml version="1.0" encoding="UTF-8"?>
<!-- Generated by org.testng.reporters.JUnitXMLReporter -->
<testsuite ignored="0" hostname="SurajBhjadesAir" failures="0" tests="3" name="Default test" time="49.928" errors="0" timestamp="2022-06-24T10:23:59 IST">
  <testcase classname="com.testcases.Drag" name="dragElement" time="30.192"/>
  <testcase classname="com.testcases.Drag" name="dropElement" time="10.052"/>
  <testcase classname="com.testcases.Drag" name="resizeElement" time="9.638"/>
</testsuite> <!-- Default test -->
