<?xml version="1.0" encoding="UTF-8"?>
<testng-results ignored="0" total="3" passed="3" failed="0" skipped="0">
  <reporter-output>
  </reporter-output>
  <suite started-at="2022-06-24T10:23:09 IST" name="Default suite" finished-at="2022-06-24T10:23:59 IST" duration-ms="49928">
    <groups>
    </groups>
    <test started-at="2022-06-24T10:23:09 IST" name="Default test" finished-at="2022-06-24T10:23:59 IST" duration-ms="49928">
      <class name="com.testcases.Drag">
        <test-method signature="dragElement()[pri:0, instance:com.testcases.Drag@5cee5251]" started-at="2022-06-24T10:23:09 IST" name="dragElement" finished-at="2022-06-24T10:23:39 IST" duration-ms="30192" status="PASS">
          <reporter-output>
          </reporter-output>
        </test-method> <!-- dragElement -->
        <test-method signature="dropElement()[pri:0, instance:com.testcases.Drag@5cee5251]" started-at="2022-06-24T10:23:39 IST" name="dropElement" finished-at="2022-06-24T10:23:49 IST" duration-ms="10052" status="PASS">
          <reporter-output>
          </reporter-output>
        </test-method> <!-- dropElement -->
        <test-method signature="resizeElement()[pri:0, instance:com.testcases.Drag@5cee5251]" started-at="2022-06-24T10:23:49 IST" name="resizeElement" finished-at="2022-06-24T10:23:59 IST" duration-ms="9638" status="PASS">
          <reporter-output>
          </reporter-output>
        </test-method> <!-- resizeElement -->
      </class> <!-- com.testcases.Drag -->
    </test> <!-- Default test -->
  </suite> <!-- Default suite -->
</testng-results>
